2026-04-09 20:21:57,171 - services.scraper_service - INFO - Initializing Undetected Chromedriver...
2026-04-09 20:21:57,941 - undetected_chromedriver.patcher - INFO - patching driver executable C:\Users\opera\appdata\roaming\undetected_chromedriver\undetected_chromedriver.exe
2026-04-09 20:22:03,260 - services.scraper_service - ERROR - FATAL: Driver initialization failed: Message: session not created: cannot connect to chrome at 127.0.0.1:63017
from session not created: This version of ChromeDriver only supports Chrome version 147
Current browser version is 146.0.7680.178; For documentation on this error, please visit: https://www.selenium.dev/documentation/webdriver/troubleshooting/errors#sessionnotcreatedexception
Stacktrace:
	undetected_chromedriver!GetHandleVerifier [0xb2c733+10b73]
	undetected_chromedriver!GetHandleVerifier [0xb2c864+10ca4]
	undetected_chromedriver!(No symbol) [0x902100]
	undetected_chromedriver!(No symbol) [0x93d752]
	undetected_chromedriver!(No symbol) [0x93c77c]
	undetected_chromedriver!(No symbol) [0x9328a5]
	undetected_chromedriver!(No symbol) [0x9326c6]
	undetected_chromedriver!(No symbol) [0x979dff]
	undetected_chromedriver!(No symbol) [0x979617]
	undetected_chromedriver!(No symbol) [0x96d9b6]
	undetected_chromedriver!(No symbol) [0x940339]
	undetected_chromedriver!(No symbol) [0x9410f4]
	undetected_chromedriver!GetHandleVerifier [0xd8fe04+274244]
	undetected_chromedriver!GetHandleVerifier [0xd8b459+26f899]
	undetected_chromedriver!GetHandleVerifier [0xda9bd5+28e015]
	undetected_chromedriver!GetHandleVerifier [0xb47188+2b5c8]
	undetected_chromedriver!GetHandleVerifier [0xb4f23d+3367d]
	undetected_chromedriver!GetHandleVerifier [0xb35138+19578]
	undetected_chromedriver!GetHandleVerifier [0xb35302+19742]
	undetected_chromedriver!GetHandleVerifier [0xb1e48f+28cf]
	KERNEL32!BaseThreadInitThunk [0x7609fcc9+19]
	ntdll!RtlGetAppContainerNamedObjectPath [0x77b782ae+11e]
	ntdll!RtlGetAppContainerNamedObjectPath [0x77b7827e+ee]

2026-04-09 20:22:03,261 - services.scraper_service - ERROR - Indeed Stealth scraping failed: Message: session not created: cannot connect to chrome at 127.0.0.1:63017
from session not created: This version of ChromeDriver only supports Chrome version 147
Current browser version is 146.0.7680.178; For documentation on this error, please visit: https://www.selenium.dev/documentation/webdriver/troubleshooting/errors#sessionnotcreatedexception
Stacktrace:
	undetected_chromedriver!GetHandleVerifier [0xb2c733+10b73]
	undetected_chromedriver!GetHandleVerifier [0xb2c864+10ca4]
	undetected_chromedriver!(No symbol) [0x902100]
	undetected_chromedriver!(No symbol) [0x93d752]
	undetected_chromedriver!(No symbol) [0x93c77c]
	undetected_chromedriver!(No symbol) [0x9328a5]
	undetected_chromedriver!(No symbol) [0x9326c6]
	undetected_chromedriver!(No symbol) [0x979dff]
	undetected_chromedriver!(No symbol) [0x979617]
	undetected_chromedriver!(No symbol) [0x96d9b6]
	undetected_chromedriver!(No symbol) [0x940339]
	undetected_chromedriver!(No symbol) [0x9410f4]
	undetected_chromedriver!GetHandleVerifier [0xd8fe04+274244]
	undetected_chromedriver!GetHandleVerifier [0xd8b459+26f899]
	undetected_chromedriver!GetHandleVerifier [0xda9bd5+28e015]
	undetected_chromedriver!GetHandleVerifier [0xb47188+2b5c8]
	undetected_chromedriver!GetHandleVerifier [0xb4f23d+3367d]
	undetected_chromedriver!GetHandleVerifier [0xb35138+19578]
	undetected_chromedriver!GetHandleVerifier [0xb35302+19742]
	undetected_chromedriver!GetHandleVerifier [0xb1e48f+28cf]
	KERNEL32!BaseThreadInitThunk [0x7609fcc9+19]
	ntdll!RtlGetAppContainerNamedObjectPath [0x77b782ae+11e]
	ntdll!RtlGetAppContainerNamedObjectPath [0x77b7827e+ee]

2026-04-09 20:22:15,863 - services.scraper_service - INFO - Initializing Undetected Chromedriver (Ver 146)...
2026-04-09 20:22:16,556 - undetected_chromedriver.patcher - INFO - patching driver executable C:\Users\opera\appdata\roaming\undetected_chromedriver\undetected_chromedriver.exe
2026-04-09 20:22:18,742 - services.scraper_service - INFO - Driver initialized successfully.
2026-04-09 20:22:18,742 - services.scraper_service - INFO - Navigating to Indeed Search: https://www.indeed.com/jobs?q=Software+Engineer&l=Austin,+TX
2026-04-09 20:22:28,300 - services.scraper_service - ERROR - DANGER: Blocked by Cloudflare/Bot Guard.
2026-04-09 20:25:11,730 - services.scraper_service - INFO - Advanced Stealth Scan (UC Mode): https://www.indeed.com/jobs?q=Software+Engineer&l=Austin,+TX
2026-04-09 20:25:34,810 - services.scraper_service - INFO - Parsing job cards...
2026-04-09 20:25:35,506 - services.scraper_service - INFO - Found 16 potential job cards.
2026-04-09 20:25:35,507 - services.scraper_service - ERROR - Error parsing card 0: Invalid `by` type: "<class 'seleniumbase.undetected.webelement.WebElement'>"
Expecting a `by` of type: "<class 'str'>" (string)!
2026-04-09 20:25:35,507 - services.scraper_service - ERROR - Error parsing card 1: Invalid `by` type: "<class 'seleniumbase.undetected.webelement.WebElement'>"
Expecting a `by` of type: "<class 'str'>" (string)!
2026-04-09 20:25:35,508 - services.scraper_service - ERROR - Error parsing card 2: Invalid `by` type: "<class 'seleniumbase.undetected.webelement.WebElement'>"
Expecting a `by` of type: "<class 'str'>" (string)!
2026-04-09 20:25:35,508 - services.scraper_service - ERROR - Error parsing card 3: Invalid `by` type: "<class 'seleniumbase.undetected.webelement.WebElement'>"
Expecting a `by` of type: "<class 'str'>" (string)!
2026-04-09 20:25:35,508 - services.scraper_service - ERROR - Error parsing card 4: Invalid `by` type: "<class 'seleniumbase.undetected.webelement.WebElement'>"
Expecting a `by` of type: "<class 'str'>" (string)!
2026-04-09 20:26:03,924 - services.scraper_service - INFO - Advanced Stealth Scan (UC Mode): https://www.indeed.com/jobs?q=Software+Engineer&l=Austin,+TX
2026-04-09 20:26:23,694 - services.scraper_service - INFO - Parsing job cards...
2026-04-09 20:26:23,929 - services.scraper_service - INFO - Found 16 potential job cards.
2026-04-09 20:26:24,191 - services.scraper_service - INFO - Scraped: Software Engineer Analyst - AI Trainer @ DataAnnotation
2026-04-09 20:26:25,746 - services.scraper_service - INFO - Scraped: Lead Software Engineer – Backend, PEX @ Athenahealth
2026-04-09 20:26:26,218 - services.scraper_service - INFO - Scraped: Software Engineer - II @ Fieldd
2026-04-09 20:26:26,712 - services.scraper_service - INFO - Scraped: Sr. Systems Development Engineer, RDPI SC Product & Portfolio Engineering @ Amazon.com Services LLC
2026-04-09 20:26:27,976 - services.scraper_service - INFO - Scraped: Software Engineer - III @ Fieldd
2026-04-09 21:52:19,160 - services.scraper_service - INFO - Advanced Stealth Scan (UC Mode): https://www.indeed.com/jobs?q=Software+Engineer&l=Austin,+TX
2026-04-09 21:52:38,554 - services.scraper_service - INFO - Parsing job cards...
2026-04-09 21:52:39,457 - services.scraper_service - INFO - Found 16 potential job cards.
2026-04-09 21:52:39,805 - services.scraper_service - INFO - Scraped: Backend Software Engineer - AI Trainer @ DataAnnotation
2026-04-09 21:52:40,716 - services.scraper_service - INFO - Scraped: Staff Software Engineer @ Neubus
2026-04-09 21:52:40,997 - services.scraper_service - INFO - Scraped: Lead Software Engineer – Backend, PEX @ Athenahealth
2026-04-09 21:52:41,213 - services.scraper_service - INFO - Scraped: Software Engineer - III @ Fieldd
2026-04-09 21:52:42,362 - services.scraper_service - INFO - Scraped:  @ 
